#
# There is insufficient memory for the Java Runtime Environment to continue.
# Native memory allocation (mmap) failed to map 132120576 bytes for G1 virtual space
# Possible reasons:
#   The system is out of physical RAM or swap space
#   The process is running with CompressedOops enabled, and the Java Heap may be blocking the growth of the native heap
# Possible solutions:
#   Reduce memory load on the system
#   Increase physical memory or swap space
#   Check if swap backing store is full
#   Decrease Java heap size (-Xmx/-Xms)
#   Decrease number of Java threads
#   Decrease Java thread stack sizes (-Xss)
#   Set larger code cache with -XX:ReservedCodeCacheSize=
#   JVM is running with Unscaled Compressed Oops mode in which the Java heap is
#     placed in the first 4GB address space. The Java Heap base address is the
#     maximum limit for the native heap growth. Please use -XX:HeapBaseMinAddress
#     to set the Java Heap base and to place the Java Heap above 4GB virtual address.
# This output file may be truncated or incomplete.
#
#  Out of Memory Error (os_windows.cpp:3466), pid=16388, tid=13844
#
# JRE version:  (16.0.2+7) (build )
# Java VM: Java HotSpot(TM) 64-Bit Server VM (16.0.2+7-67, mixed mode, sharing, tiered, compressed oops, compressed class ptrs, g1 gc, windows-amd64)
# No core dump will be written. Minidumps are not enabled by default on client versions of Windows
#

---------------  S U M M A R Y ------------

Command Line: -Dfile.encoding=UTF-8 -XX:+ShowCodeDetailsInExceptionMessages com.edu.VehicleInsurancesystem.VehicleInsurancesystemApplication

Host: 11th Gen Intel(R) Core(TM) i5-1135G7 @ 2.40GHz, 8 cores, 7G,  Windows 10 , 64 bit Build 19041 (10.0.19041.1566)
Time: Mon Mar 14 15:39:40 2022 India Standard Time elapsed time: 0.013429 seconds (0d 0h 0m 0s)

---------------  T H R E A D  ---------------

Current thread (0x00000171abb61fa0):  JavaThread "Unknown thread" [_thread_in_vm, id=13844, stack(0x00000015c1800000,0x00000015c1900000)]

Stack: [0x00000015c1800000,0x00000015c1900000]
Native frames: (J=compiled Java code, j=interpreted, Vv=VM code, C=native code)
V  [jvm.dll+0x6681ca]
V  [jvm.dll+0x7c9e69]
V  [jvm.dll+0x7cb61e]
V  [jvm.dll+0x7cbc73]
V  [jvm.dll+0x242c55]
V  [jvm.dll+0x664f89]
V  [jvm.dll+0x659b75]
V  [jvm.dll+0x2fbfbb]
V  [jvm.dll+0x3031b6]
V  [jvm.dll+0x35299e]
V  [jvm.dll+0x352bcf]
V  [jvm.dll+0x2d3028]
V  [jvm.dll+0x2d4264]
V  [jvm.dll+0x79c741]
V  [jvm.dll+0x360791]
V  [jvm.dll+0x77a3f0]
V  [jvm.dll+0x3e4e8f]
V  [jvm.dll+0x3e6961]
C  [jli.dll+0x52fb]
C  [ucrtbase.dll+0x21bb2]
C  [KERNEL32.DLL+0x17034]
C  [ntdll.dll+0x52651]


---------------  P R O C E S S  ---------------

Threads class SMR info:
_java_thread_list=0x00007ffc9e82cbb8, length=0, elements={
}

Java Threads: ( => current thread )

Other Threads:
  0x00000171abba1b90 GCTaskThread "GC Thread#0" [stack: 0x00000015c1900000,0x00000015c1a00000] [id=19224]
  0x00000171abbb3e40 ConcurrentGCThread "G1 Main Marker" [stack: 0x00000015c1a00000,0x00000015c1b00000] [id=24080]
  0x00000171abbb4930 ConcurrentGCThread "G1 Conc#0" [stack: 0x00000015c1b00000,0x00000015c1c00000] [id=7032]

[error occurred during error reporting (printing all threads), id 0xc0000005, EXCEPTION_ACCESS_VIOLATION (0xc0000005) at pc=0x00007ffc9e003ee7]

VM state: not at safepoint (not fully initialized)

VM Mutex/Monitor currently owned by a thread:  ([mutex/lock_event])
[0x00000171abb5fb60] Heap_lock - owner thread: 0x00000171abb61fa0

Heap address: 0x0000000083200000, size: 1998 MB, Compressed Oops mode: 32-bit

CDS archive(s) mapped at: [0x0000000000000000-0x0000000000000000-0x0000000000000000), size 0, SharedBaseAddress: 0x0000000800000000, ArchiveRelocationMode: 0.
Narrow klass base: 0x0000000000000000, Narrow klass shift: 0, Narrow klass range: 0x0

GC Precious Log:
<Empty>

Heap:
 garbage-first heap   total 0K, used 0K [0x0000000083200000, 0x0000000100000000)
  region size 1024K, 0 young (0K), 0 survivors (0K)

[error occurred during error reporting (printing heap information), id 0xc0000005, EXCEPTION_ACCESS_VIOLATION (0xc0000005) at pc=0x00007ffc9e3e1eed]

GC Heap History (0 events):
No events

Deoptimization events (0 events):
No events

Classes unloaded (0 events):
No events

Classes redefined (0 events):
No events

Internal exceptions (0 events):
No events

Events (1 events):
Event: 0.008 Loaded shared library C:\Program Files\Java\jdk-16.0.2\bin\java.dll


Dynamic libraries:
0x00007ff6b3590000 - 0x00007ff6b35a0000 	C:\Program Files\Java\jdk-16.0.2\bin\javaw.exe
0x00007ffd29430000 - 0x00007ffd29625000 	C:\WINDOWS\SYSTEM32\ntdll.dll
0x00007ffd27b60000 - 0x00007ffd27c1e000 	C:\WINDOWS\System32\KERNEL32.DLL
0x00007ffd26ff0000 - 0x00007ffd272b8000 	C:\WINDOWS\System32\KERNELBASE.dll
0x00007ffd26c40000 - 0x00007ffd26d40000 	C:\WINDOWS\System32\ucrtbase.dll
0x00007ffd186a0000 - 0x00007ffd186b9000 	C:\Program Files\Java\jdk-16.0.2\bin\VCRUNTIME140.dll
0x00007ffd18cb0000 - 0x00007ffd18cc8000 	C:\Program Files\Java\jdk-16.0.2\bin\jli.dll
0x00007ffd27490000 - 0x00007ffd2753e000 	C:\WINDOWS\System32\ADVAPI32.dll
0x00007ffd28400000 - 0x00007ffd2849e000 	C:\WINDOWS\System32\msvcrt.dll
0x00007ffd292c0000 - 0x00007ffd2935c000 	C:\WINDOWS\System32\sechost.dll
0x00007ffd279a0000 - 0x00007ffd27ac5000 	C:\WINDOWS\System32\RPCRT4.dll
0x00007ffd27800000 - 0x00007ffd279a0000 	C:\WINDOWS\System32\USER32.dll
0x00007ffd0dd40000 - 0x00007ffd0dfda000 	C:\WINDOWS\WinSxS\amd64_microsoft.windows.common-controls_6595b64144ccf1df_6.0.19041.1110_none_60b5254171f9507e\COMCTL32.dll
0x00007ffd27b30000 - 0x00007ffd27b5b000 	C:\WINDOWS\System32\GDI32.dll
0x00007ffd27350000 - 0x00007ffd27372000 	C:\WINDOWS\System32\win32u.dll
0x00007ffd27380000 - 0x00007ffd2748b000 	C:\WINDOWS\System32\gdi32full.dll
0x00007ffd26b50000 - 0x00007ffd26bed000 	C:\WINDOWS\System32\msvcp_win.dll
0x00007ffd205c0000 - 0x00007ffd205ca000 	C:\WINDOWS\SYSTEM32\VERSION.dll
0x00007ffd27c20000 - 0x00007ffd27c50000 	C:\WINDOWS\System32\IMM32.DLL
0x00007ffd23960000 - 0x00007ffd2396c000 	C:\Program Files\Java\jdk-16.0.2\bin\vcruntime140_1.dll
0x00007ffd06510000 - 0x00007ffd065a1000 	C:\Program Files\Java\jdk-16.0.2\bin\msvcp140.dll
0x00007ffc9dd20000 - 0x00007ffc9e8cb000 	C:\Program Files\Java\jdk-16.0.2\bin\server\jvm.dll
0x00007ffd28b10000 - 0x00007ffd28b18000 	C:\WINDOWS\System32\PSAPI.DLL
0x00007ffd11770000 - 0x00007ffd11779000 	C:\WINDOWS\SYSTEM32\WSOCK32.dll
0x00007ffd24000000 - 0x00007ffd24027000 	C:\WINDOWS\SYSTEM32\WINMM.dll
0x00007ffd29360000 - 0x00007ffd293cb000 	C:\WINDOWS\System32\WS2_32.dll
0x00007ffd253e0000 - 0x00007ffd253f2000 	C:\WINDOWS\SYSTEM32\kernel.appcore.dll
0x00007ffd1fe10000 - 0x00007ffd1fe1a000 	C:\Program Files\Java\jdk-16.0.2\bin\jimage.dll
0x00007ffd24860000 - 0x00007ffd24a44000 	C:\WINDOWS\SYSTEM32\DBGHELP.DLL
0x00007ffd23fb0000 - 0x00007ffd23fdc000 	C:\WINDOWS\SYSTEM32\dbgcore.DLL
0x00007ffd272c0000 - 0x00007ffd27342000 	C:\WINDOWS\System32\bcryptPrimitives.dll
0x00007ffd06e70000 - 0x00007ffd06e95000 	C:\Program Files\Java\jdk-16.0.2\bin\java.dll

dbghelp: loaded successfully - version: 4.0.5 - missing functions: none
symbol engine: initialized successfully - sym options: 0x614 - pdb path: .;C:\Program Files\Java\jdk-16.0.2\bin;C:\WINDOWS\SYSTEM32;C:\WINDOWS\WinSxS\amd64_microsoft.windows.common-controls_6595b64144ccf1df_6.0.19041.1110_none_60b5254171f9507e;C:\Program Files\Java\jdk-16.0.2\bin\server

VM Arguments:
jvm_args: -Dfile.encoding=UTF-8 -XX:+ShowCodeDetailsInExceptionMessages 
java_command: com.edu.VehicleInsurancesystem.VehicleInsurancesystemApplication
java_class_path (initial): C:\Users\MANIKANTA\Downloads\VehicleInsurancesystem (1)\VehicleInsurancesystem\target\classes;C:\Users\MANIKANTA\.m2\repository\org\springframework\boot\spring-boot-starter-data-jpa\2.6.4\spring-boot-starter-data-jpa-2.6.4.jar;C:\Users\MANIKANTA\.m2\repository\org\springframework\boot\spring-boot-starter-aop\2.6.4\spring-boot-starter-aop-2.6.4.jar;C:\Users\MANIKANTA\.m2\repository\org\springframework\spring-aop\5.3.16\spring-aop-5.3.16.jar;C:\Users\MANIKANTA\.m2\repository\org\aspectj\aspectjweaver\1.9.7\aspectjweaver-1.9.7.jar;C:\Users\MANIKANTA\.m2\repository\org\springframework\boot\spring-boot-starter-jdbc\2.6.4\spring-boot-starter-jdbc-2.6.4.jar;C:\Users\MANIKANTA\.m2\repository\com\zaxxer\HikariCP\4.0.3\HikariCP-4.0.3.jar;C:\Users\MANIKANTA\.m2\repository\org\springframework\spring-jdbc\5.3.16\spring-jdbc-5.3.16.jar;C:\Users\MANIKANTA\.m2\repository\jakarta\transaction\jakarta.transaction-api\1.3.3\jakarta.transaction-api-1.3.3.jar;C:\Users\MANIKANTA\.m2\repository\jakarta\persistence\jakarta.persistence-api\2.2.3\jakarta.persistence-api-2.2.3.jar;C:\Users\MANIKANTA\.m2\repository\org\hibernate\hibernate-core\5.6.5.Final\hibernate-core-5.6.5.Final.jar;C:\Users\MANIKANTA\.m2\repository\org\jboss\logging\jboss-logging\3.4.3.Final\jboss-logging-3.4.3.Final.jar;C:\Users\MANIKANTA\.m2\repository\net\bytebuddy\byte-buddy\1.11.22\byte-buddy-1.11.22.jar;C:\Users\MANIKANTA\.m2\repository\antlr\antlr\2.7.7\antlr-2.7.7.jar;C:\Users\MANIKANTA\.m2\repository\org\jboss\jandex\2.4.2.Final\jandex-2.4.2.Final.jar;C:\Users\MANIKANTA\.m2\repository\com\fasterxml\classmate\1.5.1\classmate-1.5.1.jar;C:\Users\MANIKANTA\.m2\repository\org\hibernate\common\hibernate-commons-annotations\5.1.2.Final\hibernate-commons-annotations-5.1.2.Final.jar;C:\Users\MANIKANTA\.m2\repository\org\glassfish\jaxb\jaxb-runtime\2.3.6\jaxb-runtime-2.3.6.jar;C:\Users\MANIKANTA\.m2\repository\org\glassfish\jaxb\txw2\2.3.6\txw2-2.3.6.jar;C:\Users\MANIKANTA\.m2\repository\com\sun\
Launcher Type: SUN_STANDARD

[Global flags]
     intx CICompilerCount                          = 4                                         {product} {ergonomic}
     uint ConcGCThreads                            = 2                                         {product} {ergonomic}
     uint G1ConcRefinementThreads                  = 8                                         {product} {ergonomic}
   size_t G1HeapRegionSize                         = 1048576                                   {product} {ergonomic}
    uintx GCDrainStackTargetSize                   = 64                                        {product} {ergonomic}
   size_t InitialHeapSize                          = 132120576                                 {product} {ergonomic}
   size_t MarkStackSize                            = 4194304                                   {product} {ergonomic}
   size_t MaxHeapSize                              = 2095054848                                {product} {ergonomic}
   size_t MinHeapDeltaBytes                        = 1048576                                   {product} {ergonomic}
   size_t MinHeapSize                              = 8388608                                   {product} {ergonomic}
    uintx NonNMethodCodeHeapSize                   = 5839372                                {pd product} {ergonomic}
    uintx NonProfiledCodeHeapSize                  = 122909434                              {pd product} {ergonomic}
    uintx ProfiledCodeHeapSize                     = 122909434                              {pd product} {ergonomic}
    uintx ReservedCodeCacheSize                    = 251658240                              {pd product} {ergonomic}
     bool SegmentedCodeCache                       = true                                      {product} {ergonomic}
     bool ShowCodeDetailsInExceptionMessages       = true                                   {manageable} {command line}
   size_t SoftMaxHeapSize                          = 2095054848                             {manageable} {ergonomic}
     bool UseCompressedClassPointers               = true                           {product lp64_product} {ergonomic}
     bool UseCompressedOops                        = true                           {product lp64_product} {ergonomic}
     bool UseG1GC                                  = true                                      {product} {ergonomic}
     bool UseLargePagesIndividualAllocation        = false                                  {pd product} {ergonomic}

Logging:
Log output configuration:
 #0: stdout all=warning uptime,level,tags
 #1: stderr all=off uptime,level,tags

Environment Variables:
JAVA_HOME=C:\Program Files\Java\jdk-16.0.2
PATH=C:\Program Files\Common Files\Oracle\Java\javapath;C:\WINDOWS\system32;C:\WINDOWS;C:\WINDOWS\System32\Wbem;C:\WINDOWS\System32\WindowsPowerShell\v1.0\;C:\WINDOWS\System32\OpenSSH\;C:\Program Files\Java\jdk-13.0.2\bin;C:\Program Files\Java\jdk-17.0.1\bin;C:\Program Files\MySQL\MySQL Shell 8.0\bin\;C:\Program Files\Java\jdk-16.0.2\bin
USERNAME=MANIKANTA
OS=Windows_NT
PROCESSOR_IDENTIFIER=Intel64 Family 6 Model 140 Stepping 1, GenuineIntel



---------------  S Y S T E M  ---------------

OS:
 Windows 10 , 64 bit Build 19041 (10.0.19041.1566)
OS uptime: 1 days 22:39 hours

CPU: total 8 (initial active 8) (4 cores per cpu, 2 threads per core) family 6 model 140 stepping 1 microcode 0x66, cx8, cmov, fxsr, ht, mmx, 3dnowpref, sse, sse2, sse3, ssse3, sse4.1, sse4.2, popcnt, lzcnt, tsc, tscinvbit, avx, avx2, aes, erms, clmul, bmi1, bmi2, adx, avx512f, avx512dq, avx512cd, avx512bw, avx512vl, sha, fma, vzeroupper, avx512_vpopcntdq, avx512_vpclmulqdq, avx512_vaes, avx512_vnni, clflush, clflushopt, clwb, avx512_vmbi2, avx512_vmbi

Memory: 4k page, system-wide physical 7991M (1175M free)
TotalPageFile size 32567M (AvailPageFile size 6M)
current process WorkingSet (physical memory assigned to process): 10M, peak: 10M
current process commit charge ("private bytes"): 60M, peak: 186M

vm_info: Java HotSpot(TM) 64-Bit Server VM (16.0.2+7-67) for windows-amd64 JRE (16.0.2+7-67), built on Jun  8 2021 23:24:19 by "mach5one" with MS VC++ 16.7 (VS2019)

END.
